2026-07-06 18:20:38,950 - Logger Test
2026-07-06 18:20:38,951 - {"session_id": "A102", "command": "sudo su", "attack_type": "Privilege Escalation", "risk_score": 82, "threat_level": "HIGH"}
2026-07-06 18:20:38,953 - {
    "session_id": "A102",
    "command": "sudo su",
    "ai_decision": "Privilege Escalation Detected",
    "confidence_score": 0.96,
    "conversation_metadata": {
        "conversation_id": "SESSION_001",
        "interaction_count": 7
    },
    "prediction_result": {
        "next_prediction": "Credential Access",
        "prediction_confidence": 0.89
    },
    "risk_score": 82,
    "threat_level": "HIGH"
}
2026-07-06 18:20:38,953 - {
    "session_id": "SESSION_101",
    "conversation_log": "Attacker executed sudo su",
    "ai_decision": "Privilege Escalation Attempt",
    "session_metadata": {
        "prediction": "Credential Access"
    },
    "system_event": "AI Response Generated",
    "security_event": "Privilege Escalation",
    "warning": "High Risk Command",
    "error": null
}
